[INFO] Scanning for projects...
[INFO] 
[INFO] ------------------< com.example:buildnest-ecommerce >-------------------
[INFO] Building buildnest-ecommerce 0.0.1-SNAPSHOT
[INFO]   from pom.xml
[INFO] --------------------------------[ jar ]---------------------------------
Downloading from central: https://repo.maven.apache.org/maven2/org/checkerframework/checker-qual/3.12.0/checker-qual-3.12.0.pom
Progress (1): 951 B
Progress (1): 2.1 kB
                    
Downloaded from central: https://repo.maven.apache.org/maven2/org/checkerframework/checker-qual/3.12.0/checker-qual-3.12.0.pom (2.1 kB at 2.9 kB/s)
Downloading from central: https://repo.maven.apache.org/maven2/com/google/errorprone/error_prone_annotations/2.11.0/error_prone_annotations-2.11.0.pom
Progress (1): 835 B
Progress (1): 2.1 kB
Progress (1): 2.2 kB
                    
Downloaded from central: https://repo.maven.apache.org/maven2/com/google/errorprone/error_prone_annotations/2.11.0/error_prone_annotations-2.11.0.pom (2.2 kB at 27 kB/s)
Downloading from central: https://repo.maven.apache.org/maven2/com/google/errorprone/error_prone_parent/2.11.0/error_prone_parent-2.11.0.pom
Progress (1): 729 B
Progress (1): 1.7 kB
Progress (1): 3.7 kB
Progress (1): 7.2 kB
Progress (1): 9.5 kB
Progress (1): 11 kB 
                   
Downloaded from central: https://repo.maven.apache.org/maven2/com/google/errorprone/error_prone_parent/2.11.0/error_prone_parent-2.11.0.pom (11 kB at 111 kB/s)
Downloading from central: https://repo.maven.apache.org/maven2/com/google/j2objc/j2objc-annotations/1.3/j2objc-annotations-1.3.pom
Progress (1): 858 B
Progress (1): 2.1 kB
Progress (1): 2.8 kB
                    
Downloaded from central: https://repo.maven.apache.org/maven2/com/google/j2objc/j2objc-annotations/1.3/j2objc-annotations-1.3.pom (2.8 kB at 35 kB/s)
[WARNING] The POM for au.com.dius.pact.consumer:pact-jvm-consumer-junit5:jar:4.6.10 is missing, no dependency information available
[INFO] 
[INFO] --- clean:3.3.2:clean (default-clean) @ buildnest-ecommerce ---
[INFO] Deleting D:\CDAC Project\civil-ecommerce\civil-ecommerce\target
[INFO] 
[INFO] --- jacoco:0.8.11:prepare-agent (prepare-agent) @ buildnest-ecommerce ---
[INFO] jacoco.argLine set to "-javaagent:C:\\Users\\Pradip_Ghadge\\.m2\\repository\\org\\jacoco\\org.jacoco.agent\\0.8.11\\org.jacoco.agent-0.8.11-runtime.jar=destfile=D:\\CDAC Project\\civil-ecommerce\\civil-ecommerce\\target\\jacoco.exec,excludes=**/model/dto/**:**/model/payload/**:**/config/**:**/*Application.class"
[INFO] 
[INFO] --- resources:3.3.1:resources (default-resources) @ buildnest-ecommerce ---
[INFO] Copying 2 resources from src\main\resources to target\classes
[INFO] Copying 7 resources from src\main\resources to target\classes
[INFO] 
[INFO] --- compiler:3.11.0:compile (default-compile) @ buildnest-ecommerce ---
[INFO] Changes detected - recompiling the module! :source
[INFO] Compiling 236 source files with javac [debug release 21] to target\classes
[INFO] ------------------------------------------------------------------------
[INFO] BUILD SUCCESS
[INFO] ------------------------------------------------------------------------
[INFO] Total time:  13.295 s
[INFO] Finished at: 2026-01-30T23:53:35+05:30
[INFO] ------------------------------------------------------------------------
